<?xml version="1.0" encoding="UTF-8"?>
<!-- Generated by org.testng.reporters.JUnitReportReporter -->
<testsuite skipped="0" hostname="TRD-205" name="tests.Registrationtest" tests="4" failures="0" timestamp="13 Mar 2020 06:53:47 GMT" time="43.522" errors="0">
  <testcase name="SandBox" time="7.028" classname="tests.Registrationtest"/>
  <testcase name="SetPassword" time="23.183" classname="tests.Registrationtest"/>
  <testcase name="Register_ValidUserValidPass" time="7.053" classname="tests.Registrationtest"/>
  <testcase name="login_ValidUserValidPass" time="6.258" classname="tests.Registrationtest"/>
</testsuite> <!-- tests.Registrationtest -->
